# JRE version: OpenJDK Runtime Environment (8.0_152-b01) (build 1.8.0_152-release-915-b01)
# Java VM: OpenJDK 64-Bit Server VM (25.152-b01 mixed mode windows-amd64 compressed oops)
Heap:
 PSYoungGen      total 314880K, used 82751K [0x00000000eab00000, 0x0000000100000000, 0x0000000100000000)
  eden space 280576K, 29% used [0x00000000eab00000,0x00000000efbcfda0,0x00000000fbd00000)
  from space 34304K, 0% used [0x00000000fbd00000,0x00000000fbd00000,0x00000000fde80000)
  to   space 33280K, 0% used [0x00000000fdf80000,0x00000000fdf80000,0x0000000100000000)
 ParOldGen       total 211456K, used 63096K [0x00000000c0000000, 0x00000000cce80000, 0x00000000eab00000)
  object space 211456K, 29% used [0x00000000c0000000,0x00000000c3d9e3e0,0x00000000cce80000)
 Metaspace       used 95006K, capacity 98742K, committed 98904K, reserved 1136640K
  class space    used 11837K, capacity 12565K, committed 12672K, reserved 1048576K
GC Heap History (10 events):
Event: 119.363 GC heap before
{Heap before GC invocations=29 (full 3):
 PSYoungGen      total 318464K, used 295461K [0x00000000eab00000, 0x0000000100000000, 0x0000000100000000)
  eden space 287744K, 100% used [0x00000000eab00000,0x00000000fc400000,0x00000000fc400000)
  from space 30720K, 25% used [0x00000000fc400000,0x00000000fcb89438,0x00000000fe200000)
  to   space 30208K, 0% used [0x00000000fe280000,0x00000000fe280000,0x0000000100000000)
 ParOldGen       total 155136K, used 98811K [0x00000000c0000000, 0x00000000c9780000, 0x00000000eab00000)
  object space 155136K, 63% used [0x00000000c0000000,0x00000000c607eff8,0x00000000c9780000)
 Metaspace       used 75309K, capacity 77950K, committed 78168K, reserved 1118208K
  class space    used 9746K, capacity 10294K, committed 10368K, reserved 1048576K
Event: 119.367 GC heap after
Heap after GC invocations=29 (full 3):
 PSYoungGen      total 317952K, used 96K [0x00000000eab00000, 0x0000000100000000, 0x0000000100000000)
  eden space 287744K, 0% used [0x00000000eab00000,0x00000000eab00000,0x00000000fc400000)
  from space 30208K, 0% used [0x00000000fe280000,0x00000000fe298000,0x0000000100000000)
  to   space 30720K, 0% used [0x00000000fc400000,0x00000000fc400000,0x00000000fe200000)
 ParOldGen       total 155136K, used 100674K [0x00000000c0000000, 0x00000000c9780000, 0x00000000eab00000)
  object space 155136K, 64% used [0x00000000c0000000,0x00000000c6250b70,0x00000000c9780000)
 Metaspace       used 75309K, capacity 77950K, committed 78168K, reserved 1118208K
  class space    used 9746K, capacity 10294K, committed 10368K, reserved 1048576K
}
Event: 138.116 GC heap before
{Heap before GC invocations=30 (full 3):
 PSYoungGen      total 317952K, used 287840K [0x00000000eab00000, 0x0000000100000000, 0x0000000100000000)
  eden space 287744K, 100% used [0x00000000eab00000,0x00000000fc400000,0x00000000fc400000)
  from space 30208K, 0% used [0x00000000fe280000,0x00000000fe298000,0x0000000100000000)
  to   space 30720K, 0% used [0x00000000fc400000,0x00000000fc400000,0x00000000fe200000)
 ParOldGen       total 155136K, used 100674K [0x00000000c0000000, 0x00000000c9780000, 0x00000000eab00000)
  object space 155136K, 64% used [0x00000000c0000000,0x00000000c6250b70,0x00000000c9780000)
 Metaspace       used 75721K, capacity 78442K, committed 78680K, reserved 1118208K
  class space    used 9776K, capacity 10360K, committed 10368K, reserved 1048576K
Event: 138.135 GC heap after
Heap after GC invocations=30 (full 3):
 PSYoungGen      total 295424K, used 7424K [0x00000000eab00000, 0x00000000ffe80000, 0x0000000100000000)
  eden space 287744K, 0% used [0x00000000eab00000,0x00000000eab00000,0x00000000fc400000)
  from space 7680K, 96% used [0x00000000fc400000,0x00000000fcb403b8,0x00000000fcb80000)
  to   space 29696K, 0% used [0x00000000fe180000,0x00000000fe180000,0x00000000ffe80000)
 ParOldGen       total 155136K, used 100698K [0x00000000c0000000, 0x00000000c9780000, 0x00000000eab00000)
  object space 155136K, 64% used [0x00000000c0000000,0x00000000c6256b70,0x00000000c9780000)
 Metaspace       used 75721K, capacity 78442K, committed 78680K, reserved 1118208K
  class space    used 9776K, capacity 10360K, committed 10368K, reserved 1048576K
}
Event: 152.128 GC heap before
{Heap before GC invocations=31 (full 3):
 PSYoungGen      total 295424K, used 295168K [0x00000000eab00000, 0x00000000ffe80000, 0x0000000100000000)
  eden space 287744K, 100% used [0x00000000eab00000,0x00000000fc400000,0x00000000fc400000)
  from space 7680K, 96% used [0x00000000fc400000,0x00000000fcb403b8,0x00000000fcb80000)
  to   space 29696K, 0% used [0x00000000fe180000,0x00000000fe180000,0x00000000ffe80000)
 ParOldGen       total 155136K, used 100698K [0x00000000c0000000, 0x00000000c9780000, 0x00000000eab00000)
  object space 155136K, 64% used [0x00000000c0000000,0x00000000c6256b70,0x00000000c9780000)
 Metaspace       used 93876K, capacity 96998K, committed 97112K, reserved 1134592K
  class space    used 11735K, capacity 12407K, committed 12416K, reserved 1048576K
Event: 152.243 GC heap after
Heap after GC invocations=31 (full 3):
 PSYoungGen      total 310272K, used 28434K [0x00000000eab00000, 0x0000000100000000, 0x0000000100000000)
  eden space 280576K, 0% used [0x00000000eab00000,0x00000000eab00000,0x00000000fbd00000)
  from space 29696K, 95% used [0x00000000fe180000,0x00000000ffd449d8,0x00000000ffe80000)
  to   space 34304K, 0% used [0x00000000fbd00000,0x00000000fbd00000,0x00000000fde80000)
 ParOldGen       total 155136K, used 101751K [0x00000000c0000000, 0x00000000c9780000, 0x00000000eab00000)
  object space 155136K, 65% used [0x00000000c0000000,0x00000000c635dc48,0x00000000c9780000)
 Metaspace       used 93876K, capacity 96998K, committed 97112K, reserved 1134592K
  class space    used 11735K, capacity 12407K, committed 12416K, reserved 1048576K
}
Event: 266.797 GC heap before
{Heap before GC invocations=32 (full 3):
 PSYoungGen      total 310272K, used 168780K [0x00000000eab00000, 0x0000000100000000, 0x0000000100000000)
  eden space 280576K, 50% used [0x00000000eab00000,0x00000000f340e780,0x00000000fbd00000)
  from space 29696K, 95% used [0x00000000fe180000,0x00000000ffd449d8,0x00000000ffe80000)
  to   space 34304K, 0% used [0x00000000fbd00000,0x00000000fbd00000,0x00000000fde80000)
 ParOldGen       total 155136K, used 101751K [0x00000000c0000000, 0x00000000c9780000, 0x00000000eab00000)
  object space 155136K, 65% used [0x00000000c0000000,0x00000000c635dc48,0x00000000c9780000)
 Metaspace       used 94749K, capacity 98264K, committed 98280K, reserved 1134592K
  class space    used 11818K, capacity 12528K, committed 12544K, reserved 1048576K
Event: 266.825 GC heap after
Heap after GC invocations=32 (full 3):
 PSYoungGen      total 314880K, used 5072K [0x00000000eab00000, 0x0000000100000000, 0x0000000100000000)
  eden space 280576K, 0% used [0x00000000eab00000,0x00000000eab00000,0x00000000fbd00000)
  from space 34304K, 14% used [0x00000000fbd00000,0x00000000fc1f4050,0x00000000fde80000)
  to   space 33280K, 0% used [0x00000000fdf80000,0x00000000fdf80000,0x0000000100000000)
 ParOldGen       total 155136K, used 112594K [0x00000000c0000000, 0x00000000c9780000, 0x00000000eab00000)
  object space 155136K, 72% used [0x00000000c0000000,0x00000000c6df49a0,0x00000000c9780000)
 Metaspace       used 94749K, capacity 98264K, committed 98280K, reserved 1134592K
  class space    used 11818K, capacity 12528K, committed 12544K, reserved 1048576K
}
Event: 266.825 GC heap before
{Heap before GC invocations=33 (full 4):
 PSYoungGen      total 314880K, used 5072K [0x00000000eab00000, 0x0000000100000000, 0x0000000100000000)
  eden space 280576K, 0% used [0x00000000eab00000,0x00000000eab00000,0x00000000fbd00000)
  from space 34304K, 14% used [0x00000000fbd00000,0x00000000fc1f4050,0x00000000fde80000)
  to   space 33280K, 0% used [0x00000000fdf80000,0x00000000fdf80000,0x0000000100000000)
 ParOldGen       total 155136K, used 112594K [0x00000000c0000000, 0x00000000c9780000, 0x00000000eab00000)
  object space 155136K, 72% used [0x00000000c0000000,0x00000000c6df49a0,0x00000000c9780000)
 Metaspace       used 94749K, capacity 98264K, committed 98280K, reserved 1134592K
  class space    used 11818K, capacity 12528K, committed 12544K, reserved 1048576K
Event: 267.115 GC heap after
Heap after GC invocations=33 (full 4):
 PSYoungGen      total 314880K, used 0K [0x00000000eab00000, 0x0000000100000000, 0x0000000100000000)
  eden space 280576K, 0% used [0x00000000eab00000,0x00000000eab00000,0x00000000fbd00000)
  from space 34304K, 0% used [0x00000000fbd00000,0x00000000fbd00000,0x00000000fde80000)
  to   space 33280K, 0% used [0x00000000fdf80000,0x00000000fdf80000,0x0000000100000000)
 ParOldGen       total 211456K, used 63096K [0x00000000c0000000, 0x00000000cce80000, 0x00000000eab00000)
  object space 211456K, 29% used [0x00000000c0000000,0x00000000c3d9e3e0,0x00000000cce80000)
 Metaspace       used 94697K, capacity 98118K, committed 98280K, reserved 1134592K
  class space    used 11799K, capacity 12495K, committed 12544K, reserved 1048576K
}

